<?xml version="1.0" encoding="UTF-8"?>
<!-- Generated by org.testng.reporters.JUnitReportReporter -->
<testsuite hostname="LAPTOP-UC1TL4OC" failures="0" tests="1" name="com.qa.test.CustomersTest" time="15.092" errors="0" timestamp="2023-08-19T13:23:13 IST" skipped="0">
  <testcase classname="com.qa.test.CustomersTest" name="f" time="15.092"/>
  <system-out/>
</testsuite> <!-- com.qa.test.CustomersTest -->
