<?xml version="1.0" encoding="UTF-8"?>
<!-- Generated by org.testng.reporters.JUnitReportReporter -->
<testsuite hostname="LAPTOP-UC1TL4OC" failures="0" tests="1" name="com.qa.test.LoginTest" time="16.261" errors="0" timestamp="2023-09-18T10:23:06 IST" skipped="0">
  <testcase classname="com.qa.test.LoginTest" name="verifyLoginPage" time="16.261"/>
  <system-out/>
</testsuite> <!-- com.qa.test.LoginTest -->
