<?xml version="1.0" encoding="UTF-8"?>
<!-- Generated by org.testng.reporters.JUnitReportReporter -->
<testsuite hostname="LAPTOP-UC1TL4OC" failures="0" tests="4" name="com.qa.test.CustomerTest" time="49.731" errors="0" timestamp="2023-09-18T10:35:29 IST" skipped="0">
  <testcase classname="com.qa.test.CustomerTest" name="testCustomer" time="10.578"/>
  <system-out/>
  <testcase classname="com.qa.test.CustomerTest" name="verifysearchCustomer" time="9.272"/>
  <system-out/>
  <testcase classname="com.qa.test.CustomerTest" name="verifyeditCustomers" time="19.074"/>
  <system-out/>
  <testcase classname="com.qa.test.CustomerTest" name="verifyDeleteCustomers" time="10.807"/>
  <system-out/>
</testsuite> <!-- com.qa.test.CustomerTest -->
