<?xml version="1.0" encoding="UTF-8"?>
<!-- Generated by org.testng.reporters.JUnitReportReporter -->
<testsuite hostname="LAPTOP-UC1TL4OC" failures="0" tests="1" name="test.LoginTest" time="36.693" errors="0" timestamp="2023-08-09T16:28:36 IST" skipped="0">
  <testcase classname="test.LoginTest" name="f" time="36.693"/>
  <system-out/>
</testsuite> <!-- test.LoginTest -->
